2025-09-22 11:40:25 - INFO - ActivityLogger - Atividade registrada: LOGIN - Usuário admin fez login - Usuário: admin
2025-09-22 11:43:23 - INFO - ActivityLogger - Atividade registrada: LOGIN - Usuário admin fez login - Usuário: admin
2025-09-22 11:44:41 - INFO - ActivityLogger - Atividade registrada: LOGOUT - Usuário admin fez logout - Usuário: admin
2025-09-22 11:44:47 - INFO - ActivityLogger - Atividade registrada: LOGIN - Usuário luciene fez login - Usuário: luciene
2025-09-22 08:49:31 - INFO - ActivityLogger - Atividade registrada: ADMIN - Licença ativada para Hospital Med Center - Usuário: Sistema
2025-09-22 08:49:34 - INFO - ActivityLogger - Atividade registrada: LOGIN - Usuário admin fez login - Usuário: admin
2025-09-22 08:50:14 - INFO - ActivityLogger - Atividade registrada: LOGIN - Usuário admin fez login - Usuário: admin
2025-09-22 12:51:57 - INFO - ActivityLogger - Atividade registrada: ADMIN - Licença ativada para medcenter - Usuário: Sistema
2025-09-22 12:52:06 - INFO - ActivityLogger - Atividade registrada: LOGIN - Usuário admin fez login - Usuário: admin
2025-09-22 13:00:12 - INFO - ActivityLogger - Atividade registrada: LOGIN - Usuário admin fez login - Usuário: admin
2025-09-22 10:04:31 - INFO - ActivityLogger - Atividade registrada: ADMIN - Licença ativada para Hospital Med Center - Usuário: Sistema
2025-09-22 10:04:35 - INFO - ActivityLogger - Atividade registrada: LOGIN - Usuário admin fez login - Usuário: admin
2025-09-22 10:04:49 - INFO - ActivityLogger - Atividade registrada: LOGIN - Usuário admin fez login - Usuário: admin
2025-09-22 10:05:50 - INFO - ActivityLogger - Atividade registrada: LOGIN - Usuário eder fez login - Usuário: eder
2025-09-22 10:10:27 - INFO - ActivityLogger - Atividade registrada: ADMIN - Otimização do banco de dados - Usuário: admin
2025-09-22 13:22:24 - INFO - ActivityLogger - Atividade registrada: ADMIN - Licença ativada para medcenter - Usuário: Sistema
2025-09-22 13:22:31 - INFO - ActivityLogger - Atividade registrada: LOGIN - Usuário admin fez login - Usuário: admin
2025-09-22 13:51:17 - INFO - ActivityLogger - Atividade registrada: LOGOUT - Usuário admin fez logout - Usuário: admin
2025-09-22 13:51:26 - INFO - ActivityLogger - Atividade registrada: LOGIN - Usuário admin fez login - Usuário: admin
2025-09-22 10:56:09 - INFO - ActivityLogger - Atividade registrada: ADMIN - Licença ativada para Hospital Med Center - Usuário: Sistema
2025-09-22 10:56:12 - INFO - ActivityLogger - Atividade registrada: LOGIN - Usuário admin fez login - Usuário: admin
2025-09-22 10:56:29 - INFO - ActivityLogger - Atividade registrada: LOGIN - Usuário eder fez login - Usuário: eder
2025-09-22 10:56:46 - INFO - ActivityLogger - Atividade registrada: ADMIN - Otimização do banco de dados - Usuário: admin
2025-09-22 10:58:35 - INFO - ActivityLogger - Atividade registrada: LOGIN - Usuário admin fez login - Usuário: admin
2025-09-22 11:00:29 - INFO - ActivityLogger - Atividade registrada: LOGIN - Usuário admin fez login - Usuário: admin
2025-09-22 11:00:30 - INFO - ActivityLogger - Atividade registrada: LOGIN - Usuário admin fez login - Usuário: admin
2025-09-22 11:01:05 - INFO - ActivityLogger - Atividade registrada: LOGIN - Usuário admin fez login - Usuário: admin
2025-09-22 11:01:20 - INFO - ActivityLogger - Atividade registrada: LOGOUT - Usuário admin fez logout - Usuário: admin
2025-09-22 11:01:23 - INFO - ActivityLogger - Atividade registrada: LOGIN - Usuário admin fez login - Usuário: admin
2025-09-22 11:01:46 - INFO - ActivityLogger - Atividade registrada: ADMIN - Limpeza de relatórios - 888 arquivos removidos - Usuário: admin
2025-09-22 11:01:49 - INFO - ActivityLogger - Atividade registrada: ADMIN - Otimização do banco de dados - Usuário: admin
2025-09-22 12:28:43 - INFO - ActivityLogger - Atividade registrada: LOGIN - Usuário admin fez login - Usuário: admin
2025-09-22 12:33:05 - INFO - ActivityLogger - Atividade registrada: LOGIN - Usuário admin fez login - Usuário: admin
2025-09-22 12:33:47 - INFO - ActivityLogger - Atividade registrada: LOGOUT - Usuário admin fez logout - Usuário: admin
2025-09-22 15:36:01 - INFO - ActivityLogger - Atividade registrada: LOGIN - Usuário admin fez login - Usuário: admin
2025-09-22 15:37:03 - INFO - ActivityLogger - Atividade registrada: LOGOUT - Usuário admin fez logout - Usuário: admin
2025-09-22 15:37:08 - INFO - ActivityLogger - Atividade registrada: LOGIN - Usuário eder fez login - Usuário: eder
2025-09-22 15:37:12 - INFO - ActivityLogger - Atividade registrada: LOGIN - Usuário admin fez login - Usuário: admin
2025-09-22 15:37:29 - INFO - ActivityLogger - Atividade registrada: LOGIN - Usuário admin fez login - Usuário: admin
2025-09-22 15:37:44 - INFO - ActivityLogger - Atividade registrada: LOGIN - Usuário admin fez login - Usuário: admin
2025-09-22 15:37:57 - INFO - ActivityLogger - Atividade registrada: LOGIN - Usuário admin fez login - Usuário: admin
2025-09-22 15:42:59 - INFO - ActivityLogger - Atividade registrada: LOGIN - Usuário eder fez login - Usuário: eder
2025-09-22 15:44:34 - INFO - ActivityLogger - Atividade registrada: LOGIN - Usuário admin fez login - Usuário: admin
2025-09-23 08:47:49 - INFO - ActivityLogger - Atividade registrada: LOGIN - Usuário admin fez login - Usuário: admin
2025-09-23 08:48:06 - INFO - ActivityLogger - Atividade registrada: LOGOUT - Usuário admin fez logout - Usuário: admin
2025-09-23 13:47:58 - INFO - ActivityLogger - Atividade registrada: LOGIN - Usuário eder fez login - Usuário: eder
2025-09-23 13:48:19 - INFO - ActivityLogger - Atividade registrada: LOGIN - Usuário admin fez login - Usuário: admin
2025-09-23 13:48:56 - INFO - ActivityLogger - Atividade registrada: ADMIN - Otimização do banco de dados - Usuário: admin
2025-09-23 13:49:30 - INFO - ActivityLogger - Atividade registrada: ADMIN - Limpeza de relatórios - 888 arquivos removidos - Usuário: admin
2025-09-23 13:56:53 - INFO - ActivityLogger - Atividade registrada: LOGIN - Usuário admin fez login - Usuário: admin
2025-09-23 13:56:54 - INFO - ActivityLogger - Atividade registrada: LOGIN - Usuário admin fez login - Usuário: admin
2025-09-23 14:19:57 - INFO - ActivityLogger - Atividade registrada: LOGIN - Usuário admin fez login - Usuário: admin
2025-09-23 21:23:44 - INFO - ActivityLogger - Atividade registrada: LOGOUT - Usuário admin fez logout - Usuário: admin
2025-09-23 21:23:48 - INFO - ActivityLogger - Atividade registrada: LOGIN - Usuário luciene fez login - Usuário: luciene
2025-09-23 21:24:29 - INFO - ActivityLogger - Atividade registrada: LOGOUT - Usuário luciene fez logout - Usuário: luciene
2025-09-23 21:24:33 - INFO - ActivityLogger - Atividade registrada: LOGIN - Usuário admin fez login - Usuário: admin
2025-09-23 21:24:48 - INFO - ActivityLogger - Atividade registrada: ADMIN - Otimização do banco de dados - Usuário: admin
2025-09-23 21:25:06 - INFO - ActivityLogger - Atividade registrada: LOGOUT - Usuário admin fez logout - Usuário: admin
2025-09-24 07:11:35 - INFO - ActivityLogger - Atividade registrada: LOGIN - Usuário admin fez login - Usuário: admin
